Microsoft Windows [10.0.19045.3693]
Python 3.11.5
annotated-types==0.6.0
appdirs==1.4.4
attrs==23.1.0
certifi==2023.11.17
charset-normalizer==3.3.2
cmdstanpy==1.2.0
colorama==0.4.6
ConfigArgParse==1.7
connection-pool==0.0.3
contourpy==1.2.0
cycler==0.12.1
dacite==1.8.1
datrie==0.8.2
docutils==0.20.1
dpath==2.1.6
fastjsonschema==2.19.0
fonttools==4.46.0
gitdb==4.0.11
GitPython==3.1.40
holidays==0.37
htmlmin==0.1.12
humanfriendly==10.0
idna==3.6
ImageHash==4.3.1
importlib-resources==6.1.1
Jinja2==3.1.2
joblib==1.3.2
jsonschema==4.20.0
jsonschema-specifications==2023.11.2
jupyter_core==5.5.0
kiwisolver==1.4.5
llvmlite==0.41.1
MarkupSafe==2.1.3
matplotlib==3.7.3
multimethod==1.10
nbformat==5.9.2
networkx==3.2.1
numba==0.58.1
numpy==1.25.2
packaging==23.2
pandas==2.0.3
patsy==0.5.4
phik==0.12.3
Pillow==10.1.0
plac==1.4.1
platformdirs==4.0.0
prophet==1.1.5
psutil==5.9.6
PuLP==2.7.0
pydantic==2.5.2
pydantic_core==2.14.5
pyparsing==3.1.1
pyproject-toml==0.0.10
pyreadline3==3.4.1
python-dateutil==2.8.2
pytz==2023.3.post1
PyWavelets==1.5.0
pywin32==306
PyYAML==6.0.1
referencing==0.31.1
requests==2.31.0
reretry==0.11.8
rpds-py==0.13.2
scipy==1.11.4
seaborn==0.12.2
six==1.16.0
smart-open==6.4.0
smmap==5.0.1
snakemake==7.32.4
stanio==0.3.0
statsmodels==0.14.0
stopit==1.1.2
tabulate==0.9.0
tangled-up-in-unicode==0.2.0
throttler==1.2.2
toml==0.10.2
toposort==1.10
tqdm==4.66.1
traitlets==5.14.0
typeguard==4.1.5
typing_extensions==4.8.0
tzdata==2023.3
urllib3==2.1.0
visions==0.7.5
wordcloud==1.9.2
wrapt==1.16.0
ydata-profiling==4.6.2
yte==1.5.1