Building DAG of jobs...
Provided cores: 1 (use --cores to define parallelism)
Rules claiming more threads will be scaled down.
Job stats:
job        count
-------  -------
prepare        1
total          1

Select jobs to execute...

[Fri Dec  8 18:51:27 2023]
rule prepare:
    output: data/iris
    jobid: 0
    reason: Missing output files: data/iris
    resources: tmpdir=C:\Users\浙二医院\AppData\Local\Temp

ImproperOutputException in rule prepare in file E:\FA23\IS 477\is477-fall2023-final-project\Snakefile, line 1:
Outputs of incorrect type (directories when expecting files or vice versa). Output directories must be flagged with directory(). for rule prepare:
    output: data/iris
    affected files:
        data/iris
Removing output files of failed job prepare since they might be corrupted:
data/iris
[WinError 145] 目录不是空的。: 'data/iris'
Shutting down, this might take some time.
Exiting because a job execution failed. Look above for error message
Complete log: .snakemake\log\2023-12-08T185127.659396.snakemake.log
